n/86.jpg
n/85.jpg
n/84.jpg
n/83.jpg
n/82.jpg
n/81.jpg
n/80.jpg
n/79.jpg
n/78.jpg
n/77.jpg
n/76.jpg
n/75.jpg
n/74.jpg
n/73.jpg
n/72.jpg
n/71.jpg
n/70.jpg
n/69.jpg
n/68.jpg
n/67.jpg
n/66.jpg
n/65.jpg
n/64.jpg
n/63.PNG
n/63.jpg
n/62.jpg
n/61.jpg
n/60.jpg
n/59.jpg
n/58.jpg
n/57.jpg
n/56.jpg
n/55.jpg
n/54.jpg
n/53.jpg
n/52.jpg
n/51.jpg
n/50.jpg
n/49.jpg
n/48.jpg
n/47.jpg
n/46.jpg
n/45.jpg
n/44.jpg
n/43.jpg
n/42.jpg
n/41.jpg
n/40.jpg
n/39.jpg
n/38.jpg
n/37.jpg
n/36.jpg
n/35.jpg
n/34.jpg
n/33.jpg
n/32.jpg
n/31.jpg
n/30.jpg
n/29.jpg
n/28.jpg
n/27.jpg
n/26.jpg
n/25.jpg
n/24.jpg
n/23.jpg
n/22.jpg
n/21.jpg
n/20.jpg
n/19.jpg
n/18.jpg
n/17.jpg
n/16.jpg
n/15.jpg
n/14.jpg
n/13.jpg
n/12.jpg
n/11.jpg
n/10.jpg
n/9.jpg
n/8.jpg
n/7.jpg
n/6.jpg
n/5.jpg
n/4.jpg
n/3.jpg
n/2.jpg
n/1.jpg
n/365.jpg
n/1617189565750.jpg
n/1617189273600.jpg
n/1617189401224.jpg
n/1617189101487.jpg
n/h.jpg
n/1617188766386.jpg
n/1617189695054.jpg
n/1617188684338.jpg
n/1617189636493.jpg
n/1617189580376.jpg
n/1617189548173.jpg
n/1617189383546.jpg
n/1617188906595.jpg
n/1617188508612.jpg
n/thg.jpg
n/1617188802226.jpg
n/1617188707146.jpg
n/1617189674965.jpg
n/1617189257649.jpg
n/1617189075394.jpg
n/f.jpg
n/thf.jpg
n/1617189467068.jpg
n/1617189495953.jpg
n/1617189514916.jpg
n/1617189480525.jpg
n/1617189449397.jpg
n/1617189416867.jpg
n/1617189435518.jpg
n/1617189366018.jpg
n/1617189351938.jpg
n/1617189323686.jpg
n/hfgf.jpg
n/dsr.jpg
n/er.jpg
n/1617189306766.jpg
n/1617189292368.jpg
n/1617189234843.jpg
n/eeeee.jpg
n/1617189172681.jpg
n/1617189199455.jpg
n/1617189147076.jpg
n/1617189217588.jpg
n/34dsfd.jpg
n/1617189119174.jpg
n/eee.jpg
n/1617189028097.jpg
n/1617189012997.jpg
n/1617188996083.jpg
n/1617188962533.jpg
n/1617188980299.jpg
n/1617188946974.jpg
n/1617188926792.jpg
n/ee.jpg
n/1617188828850.jpg
n/1617188814867.jpg
n/1617189658136.jpg
n/1617189598862.jpg
n/e.jpg
n/1617188583242.jpg
n/1617189050355.jpg
n/1617189530787.jpg
n/1617189383538.jpg
n/1617188842939.jpg
n/1617188486796.jpg
n/the.jpg