p/73.jpg 1 0 0 344 208
p/72.jpg 1 0 0 186 155
p/71.jpg 1 0 0 190 167
p/70.jpg 1 0 0 241 130
p/69.jpg 1 0 0 85 61
p/68.jpg 1 0 0 78 39
p/67.jpg 1 0 0 313 135
p/66.jpg 1 0 0 255 139
p/65.jpg 1 0 0 146 192
p/63.jpg 1 0 0 486 354
p/62.jpg 1 0 0 242 128
p/61.jpg 1 0 0 121 79
p/60.jpg 1 0 0 263 60
p/59.jpg 1 0 0 95 46
p/58.jpg 1 0 0 342 85
p/57.jpg 1 0 0 76 64
p/56.jpg 1 0 0 118 135
p/55.jpg 1 0 0 129 96
p/54.jpg 1 0 0 196 104
p/53.jpg 1 0 0 165 71
p/52.jpg 1 0 0 148 68
p/51.jpg 1 0 0 154 60
p/50.jpg 1 0 0 120 54
p/49.jpg 1 0 0 240 123
p/48.jpg 1 0 0 307 75
p/47.jpg 1 0 0 141 112
p/46.jpg 1 0 0 214 119
p/45.jpg 1 0 0 353 106
p/44.jpg 1 0 0 277 140
p/43.jpg 1 0 0 71 34
p/42.jpg 1 0 0 315 285
p/41.jpg 1 0 0 554 269
p/40.jpg 1 0 0 760 314
p/39.jpg 1 0 0 358 262
p/38.jpg 1 0 0 469 110
p/37.jpg 1 0 0 91 86
p/36.jpg 1 0 0 98 71
p/35.jpg 1 0 0 56 49
p/34.jpg 1 0 0 130 73
p/33.jpg 1 0 0 299 287
p/32.jpg 1 0 0 107 102
p/31.jpg 1 0 0 239 208
p/30.jpg 1 0 0 367 82
p/29.jpg 1 0 0 199 179
p/28.jpg 1 0 0 380 74
p/27.jpg 1 0 0 296 351
p/26.jpg 1 0 0 284 96
p/25.jpg 1 0 0 146 181
p/24.jpg 1 0 0 228 74
p/23.jpg 1 0 0 215 136
p/22.jpg 1 0 0 135 82
p/21.jpg 1 0 0 221 92
p/20.jpg 1 0 0 246 105
p/19.jpg 1 0 0 301 177
p/18.jpg 1 0 0 90 120
p/17.jpg 1 0 0 44 45
p/16.jpg 1 0 0 97 52
p/15.jpg 1 0 0 323 168
p/14.jpg 1 0 0 227 106
p/13.jpg 1 0 0 242 163
p/12.jpg 1 0 0 155 134
p/11.jpg 1 0 0 295 299
p/10.jpg 1 0 0 139 71
p/9.jpg 1 0 0 254 112
p/8.jpg 1 0 0 132 88
p/7.jpg 1 0 0 162 60
p/6.jpg 1 0 0 310 158
p/5.jpg 1 0 0 287 144
p/4.jpg 1 0 0 167 101
p/3.jpg 1 0 0 229 195
p/2.jpg 1 0 0 277 255
p/1.jpg 1 0 0 274 277
p/1617189695069.jpg 1 0 0 249 188
p/1617191241574.jpg 1 0 0 206 163
p/1617191226711.jpg 1 0 0 200 151
p/1617191211783.jpg 1 0 0 260 300
p/1617190944546.jpg 1 0 0 355 200
p/1617190944538.jpg 1 0 0 200 300
p/d.jpg 1 0 0 236 181
p/1617190762057.jpg 1 0 0 251 182
p/515454.jpg 1 0 0 270 154
p/1617190334411.jpg 1 0 0 190 300
p/1617189969054.jpg 1 0 0 232 174
p/1617189886458.jpg 1 0 0 232 174
p/1617191413174.jpg 1 0 0 217 300
p/1617191444113.jpg 1 0 0 232 174
p/thd.jpg 1 0 0 249 187
p/1617190912601.jpg 1 0 0 299 300
p/1617190931824.jpg 1 0 0 300 200
p/1617190894370.jpg 1 0 0 300 300
p/1617190802741.jpg 1 0 0 227 151
p/c.jpg 1 0 0 269 151
p/1617190734312.jpg 1 0 0 244 180
p/1617190655433.jpg 1 0 0 250 167
p/1617190784997.jpg 1 0 0 270 180
p/1617190592514.jpg 1 0 0 230 173
p/1617190685050.jpg 1 0 0 282 166
p/1617190640499.jpg 1 0 0 200 167
p/1617190457233.jpg 1 0 0 230 173
p/1617190271301.jpg 1 0 0 238 152
p/1617190334408.jpg 1 0 0 287 192
p/1617190052303.jpg 1 0 0 331 199
p/1617190374348.jpg 1 0 0 474 144
p/1617190070214.jpg 1 0 0 474 121
p/1617190037762.jpg 1 0 0 474 123
p/1617190100009.jpg 1 0 0 353 152
p/1617189923950.jpg 1 0 0 474 133
p/1617189872729.jpg 1 0 0 225 141
p/1617191397734.jpg 1 0 0 440 145
p/1617191335929.jpg 1 0 0 217 145
p/1617189825649.jpg 1 0 0 161 140
p/1617191426203.jpg 1 0 0 385 141
p/1617191280703.jpg 1 0 0 180 144
p/1617191014509.jpg 1 0 0 217 145
p/1617190852605.jpg 1 0 0 270 180
p/1617190550906.jpg 1 0 0 271 180
p/1617189752716.jpg 1 0 0 270 180
p/1617190334399.jpg 1 0 0 463 180
p/thc.jpg 1 0 0 216 145
p/1617189950832.jpg 1 0 0 233 156
p/1617189923942.jpg 1 0 0 323 169
p/1617189840138.jpg 1 0 0 254 170
p/1617191426193.jpg 1 0 0 358 155
p/1617190995487.jpg 1 0 0 232 154
p/1617190828770.jpg 1 0 0 216 180
p/1617190550873.jpg 1 0 0 231 154
p/1617190317501.jpg 1 0 0 270 180
p/1617189737728.jpg 1 0 0 474 171
p/1617190621742.jpg 1 0 0 331 186
p/1617190592506.jpg 1 0 0 225 300
p/1617190443375.jpg 1 0 0 300 300
p/555456454.jpg 1 0 0 289 161
p/1617190119543.jpg 1 0 0 225 300
p/1617190084315.jpg 1 0 0 265 151
p/1617190017380.jpg 1 0 0 300 300
p/1617189950785.jpg 1 0 0 251 154
p/1617191458911.jpg 1 0 0 205 154
p/1617190979558.jpg 1 0 0 225 300
p/1617190828737.jpg 1 0 0 200 300
p/1617190550865.jpg 1 0 0 287 162
p/tha.jpg 1 0 0 215 162
p/1617190606391.jpg 1 0 0 230 154
p/1617190351767.jpg 1 0 0 457 169
p/1617190334401.jpg 1 0 0 191 157
p/1617190052346.jpg 1 0 0 293 165
p/1617190259646.jpg 1 0 0 235 157
p/1617190037770.jpg 1 0 0 311 165
p/1617190001148.jpg 1 0 0 225 300
p/1617189825701.jpg 1 0 0 226 170
p/1617189936895.jpg 1 0 0 264 165
p/1617191261753.jpg 1 0 0 283 300
p/1617191383814.jpg 1 0 0 241 300
p/21515.jpg 1 0 0 278 167
p/1617191024981.jpg 1 0 0 300 300
p/1617190531549.jpg 1 0 0 223 168
p/255155.jpg 1 0 0 300 300
p/th.jpg 1 0 0 171 167